0 info it worked if it ends with ok
1 verbose cli [ 'C:\\Program Files\\nodejs\\node.exe',
1 verbose cli   'C:\\Program Files\\nodejs\\node_modules\\npm\\bin\\npm-cli.js',
1 verbose cli   'install' ]
2 info using npm@2.14.7
3 info using node@v4.2.1
4 verbose readDependencies loading dependencies from C:\Users\DanielBaumfeld\work\firebase\package.json
5 warn package.json firebase@1.0.0 No description
6 warn package.json firebase@1.0.0 No repository field.
7 warn package.json firebase@1.0.0 No README data
8 verbose install where, deps [ 'C:\\Users\\DanielBaumfeld\\work\\firebase',
8 verbose install   [ 'babel-core' ] ]
9 verbose install where, peers [ 'C:\\Users\\DanielBaumfeld\\work\\firebase', [] ]
10 verbose installManyTop reading for lifecycle C:\Users\DanielBaumfeld\work\firebase\package.json
11 info preinstall firebase@1.0.0
12 verbose installManyTop reading scoped package data from C:\Users\DanielBaumfeld\work\firebase\node_modules\babel-core\package.json
13 verbose readDependencies loading dependencies from C:\Users\DanielBaumfeld\work\firebase\package.json
14 verbose targetResolver reading package data from C:\Users\DanielBaumfeld\work\firebase\node_modules\babel-core\package.json
15 silly cache add args [ 'babel-core@6.0.20', null ]
16 verbose cache add spec babel-core@6.0.20
17 silly cache add parsed spec Result {
17 silly cache add   raw: 'babel-core@6.0.20',
17 silly cache add   scope: null,
17 silly cache add   name: 'babel-core',
17 silly cache add   rawSpec: '6.0.20',
17 silly cache add   spec: '6.0.20',
17 silly cache add   type: 'version' }
18 silly addNamed babel-core@6.0.20
19 verbose addNamed "6.0.20" is a plain semver version for babel-core
20 silly mapToRegistry name babel-core
21 silly mapToRegistry using default registry
22 silly mapToRegistry registry http://ivan-pc:4873/
23 silly mapToRegistry uri http://ivan-pc:4873/babel-core
24 verbose addNameVersion registry:http://ivan-pc:4873/babel-core not in flight; fetching
25 verbose request uri http://ivan-pc:4873/babel-core
26 verbose request no auth needed
27 info attempt registry request try #1 at 2:43:19 PM
28 verbose request id 26b9a06805deb88a
29 verbose etag "ae9ccc09899ae0b2e5c69d613d2e124a"
30 http request GET http://ivan-pc:4873/babel-core
31 http 304 http://ivan-pc:4873/babel-core
32 verbose headers { 'x-powered-by': 'Sinopia/1.4.0',
32 verbose headers   etag: '"ae9ccc09899ae0b2e5c69d613d2e124a"',
32 verbose headers   'x-status-cat': 'http://flic.kr/p/aXY3dH',
32 verbose headers   date: 'Tue, 03 Nov 2015 22:42:37 GMT',
32 verbose headers   connection: 'keep-alive' }
33 silly get cb [ 304,
33 silly get   { 'x-powered-by': 'Sinopia/1.4.0',
33 silly get     etag: '"ae9ccc09899ae0b2e5c69d613d2e124a"',
33 silly get     'x-status-cat': 'http://flic.kr/p/aXY3dH',
33 silly get     date: 'Tue, 03 Nov 2015 22:42:37 GMT',
33 silly get     connection: 'keep-alive' } ]
34 verbose etag http://ivan-pc:4873/babel-core from cache
35 verbose get saving babel-core to C:\Users\DanielBaumfeld\AppData\Roaming\npm-cache\ivan-pc_4873\babel-core\.cache.json
36 silly cache afterAdd babel-core@6.0.20
37 verbose afterAdd C:\Users\DanielBaumfeld\AppData\Roaming\npm-cache\babel-core\6.0.20\package\package.json not in flight; writing
38 verbose afterAdd C:\Users\DanielBaumfeld\AppData\Roaming\npm-cache\babel-core\6.0.20\package\package.json written
39 silly install resolved [ { name: 'babel-core',
39 silly install resolved     version: '6.0.20',
39 silly install resolved     description: 'Babel compiler core.',
39 silly install resolved     author: { name: 'Sebastian McKenzie', email: 'sebmck@gmail.com' },
39 silly install resolved     homepage: 'https://babeljs.io/',
39 silly install resolved     license: 'MIT',
39 silly install resolved     repository:
39 silly install resolved      { type: 'git',
39 silly install resolved        url: 'https://github.com/babel/babel/tree/master/packages/babel-core' },
39 silly install resolved     browser:
39 silly install resolved      { './lib/api/register/node.js': './lib/api/register/browser.js',
39 silly install resolved        'esprima-fb': false },
39 silly install resolved     keywords:
39 silly install resolved      [ '6to5',
39 silly install resolved        'babel',
39 silly install resolved        'classes',
39 silly install resolved        'const',
39 silly install resolved        'es6',
39 silly install resolved        'harmony',
39 silly install resolved        'let',
39 silly install resolved        'modules',
39 silly install resolved        'transpile',
39 silly install resolved        'transpiler',
39 silly install resolved        'var' ],
39 silly install resolved     scripts: { bench: 'make bench', test: 'make test' },
39 silly install resolved     dependencies:
39 silly install resolved      { 'babel-code-frame': '^6.0.15',
39 silly install resolved        'babel-generator': '^6.0.19',
39 silly install resolved        'babel-helpers': '^6.0.17',
39 silly install resolved        'babel-messages': '^6.0.15',
39 silly install resolved        'babel-template': '^6.0.16',
39 silly install resolved        'babel-runtime': '^5.0.0',
39 silly install resolved        'babel-traverse': '^6.0.20',
39 silly install resolved        'babel-types': '^6.0.19',
39 silly install resolved        babylon: '^6.0.18',
39 silly install resolved        'convert-source-map': '^1.1.0',
39 silly install resolved        debug: '^2.1.1',
39 silly install resolved        esutils: '^2.0.0',
39 silly install resolved        'home-or-tmp': '^1.0.0',
39 silly install resolved        json5: '^0.4.0',
39 silly install resolved        lodash: '^3.10.0',
39 silly install resolved        minimatch: '^2.0.3',
39 silly install resolved        'path-exists': '^1.0.0',
39 silly install resolved        'path-is-absolute': '^1.0.0',
39 silly install resolved        private: '^0.1.6',
39 silly install resolved        regenerator: '0.8.35',
39 silly install resolved        'shebang-regex': '^1.0.0',
39 silly install resolved        slash: '^1.0.0',
39 silly install resolved        'source-map': '^0.4.0',
39 silly install resolved        'source-map-support': '^0.2.10' },
39 silly install resolved     devDependencies: { 'babel-polyfill': '^6.0.16' },
39 silly install resolved     _id: 'babel-core@6.0.20',
39 silly install resolved     _shasum: '6f2031095f3c1ba845b2ab928877a562f737e200',
39 silly install resolved     _from: 'babel-core@6.0.20',
39 silly install resolved     _npmVersion: '2.14.9',
39 silly install resolved     _nodeVersion: '4.1.0',
39 silly install resolved     _npmUser: { name: 'sebmck', email: 'sebmck@gmail.com' },
39 silly install resolved     dist:
39 silly install resolved      { shasum: '6f2031095f3c1ba845b2ab928877a562f737e200',
39 silly install resolved        tarball: 'http://ivan-pc:4873/babel-core/-/babel-core-6.0.20.tgz' },
39 silly install resolved     maintainers: [ [Object] ],
39 silly install resolved     directories: {},
39 silly install resolved     _resolved: 'http://ivan-pc:4873/babel-core/-/babel-core-6.0.20.tgz',
39 silly install resolved     readme: 'ERROR: No README data found!' } ]
40 info install babel-core@6.0.20 into C:\Users\DanielBaumfeld\work\firebase
41 info installOne babel-core@6.0.20
42 verbose installOne of babel-core to C:\Users\DanielBaumfeld\work\firebase not in flight; installing
43 verbose lock using C:\Users\DanielBaumfeld\AppData\Roaming\npm-cache\_locks\babel-core-72ea3c15a077dad2.lock for C:\Users\DanielBaumfeld\work\firebase\node_modules\babel-core
44 silly install write writing babel-core 6.0.20 to C:\Users\DanielBaumfeld\work\firebase\node_modules\babel-core
45 verbose unbuild node_modules\babel-core
46 silly gentlyRm C:\Users\DanielBaumfeld\work\firebase\node_modules\babel-core is being purged from base C:\Users\DanielBaumfeld\work\firebase
47 verbose gentlyRm don't care about contents; nuking C:\Users\DanielBaumfeld\work\firebase\node_modules\babel-core
48 silly vacuum-fs Error: EPERM: operation not permitted, lstat 'C:\Users\DanielBaumfeld\work\firebase\node_modules\babel-core'
48 silly vacuum-fs     at Error (native)
49 verbose unlock done using C:\Users\DanielBaumfeld\AppData\Roaming\npm-cache\_locks\babel-core-72ea3c15a077dad2.lock for C:\Users\DanielBaumfeld\work\firebase\node_modules\babel-core
50 verbose stack Error: EPERM: operation not permitted, lstat 'C:\Users\DanielBaumfeld\work\firebase\node_modules\babel-core'
50 verbose stack     at Error (native)
51 verbose cwd C:\Users\DanielBaumfeld\work\firebase
52 error Windows_NT 10.0.10240
53 error argv "C:\\Program Files\\nodejs\\node.exe" "C:\\Program Files\\nodejs\\node_modules\\npm\\bin\\npm-cli.js" "install"
54 error node v4.2.1
55 error npm  v2.14.7
56 error path C:\Users\DanielBaumfeld\work\firebase\node_modules\babel-core
57 error code EPERM
58 error errno -4048
59 error syscall lstat
60 error Error: EPERM: operation not permitted, lstat 'C:\Users\DanielBaumfeld\work\firebase\node_modules\babel-core'
60 error     at Error (native)
60 error  { [Error: EPERM: operation not permitted, lstat 'C:\Users\DanielBaumfeld\work\firebase\node_modules\babel-core']
60 error   errno: -4048,
60 error   code: 'EPERM',
60 error   syscall: 'lstat',
60 error   path: 'C:\\Users\\DanielBaumfeld\\work\\firebase\\node_modules\\babel-core' }
61 error Please try running this command again as root/Administrator.
62 verbose exit [ -4048, true ]
63 verbose unbuild node_modules\babel-core
64 silly gentlyRm C:\Users\DanielBaumfeld\work\firebase\node_modules\babel-core is being purged from base C:\Users\DanielBaumfeld\work\firebase
65 verbose gentlyRm don't care about contents; nuking C:\Users\DanielBaumfeld\work\firebase\node_modules\babel-core
66 silly vacuum-fs Error: EPERM: operation not permitted, lstat 'C:\Users\DanielBaumfeld\work\firebase\node_modules\babel-core'
66 silly vacuum-fs     at Error (native)
67 error error rolling back Error: EPERM: operation not permitted, lstat 'C:\Users\DanielBaumfeld\work\firebase\node_modules\babel-core'
67 error error rolling back     at Error (native)
67 error error rolling back  { [Error: EPERM: operation not permitted, lstat 'C:\Users\DanielBaumfeld\work\firebase\node_modules\babel-core']
67 error error rolling back   errno: -4048,
67 error error rolling back   code: 'EPERM',
67 error error rolling back   syscall: 'lstat',
67 error error rolling back   path: 'C:\\Users\\DanielBaumfeld\\work\\firebase\\node_modules\\babel-core' }
